d:\github\rms\rms\x64\debug\vc142.pdb
d:\github\rms\rms\x64\debug\vc142.idb
d:\github\rms\rms\x64\debug\views.obj
d:\github\rms\rms\x64\debug\tables.obj
d:\github\rms\rms\x64\debug\rms.obj
d:\github\rms\rms\x64\debug\models.obj
d:\github\rms\rms\x64\debug\list.obj
d:\github\rms\rms\x64\debug\controllers.obj
d:\github\rms\rms\x64\debug\print.obj
d:\github\rms\rms\x64\debug\rms.pdb
d:\github\rms\rms\x64\debug\rms.tlog\cl.command.1.tlog
d:\github\rms\rms\x64\debug\rms.tlog\cl.read.1.tlog
d:\github\rms\rms\x64\debug\rms.tlog\cl.write.1.tlog
d:\github\rms\rms\x64\debug\rms.tlog\link-cvtres.read.1.tlog
d:\github\rms\rms\x64\debug\rms.tlog\link-cvtres.write.1.tlog
d:\github\rms\rms\x64\debug\rms.tlog\link-rc.read.1.tlog
d:\github\rms\rms\x64\debug\rms.tlog\link-rc.write.1.tlog
d:\github\rms\rms\x64\debug\rms.tlog\link.11104-cvtres.read.1.tlog
d:\github\rms\rms\x64\debug\rms.tlog\link.11104-cvtres.write.1.tlog
d:\github\rms\rms\x64\debug\rms.tlog\link.11104-rc.read.1.tlog
d:\github\rms\rms\x64\debug\rms.tlog\link.11104-rc.write.1.tlog
d:\github\rms\rms\x64\debug\rms.tlog\link.11104.read.1.tlog
d:\github\rms\rms\x64\debug\rms.tlog\link.11104.write.1.tlog
d:\github\rms\rms\x64\debug\rms.tlog\link.command.1.tlog
d:\github\rms\rms\x64\debug\rms.tlog\link.read.1.tlog
d:\github\rms\rms\x64\debug\rms.tlog\link.write.1.tlog
